[0.675s] Invoking command in '/home/rique/p2/my_package': PYTHONPATH=/home/rique/p2/build/my_package/prefix_override:/home/rique/p2/install/my_package/lib/python3.10/site-packages:${PYTHONPATH} /usr/bin/python3 setup.py egg_info --egg-base ../build/my_package build --build-base /home/rique/p2/build/my_package/build install --record /home/rique/p2/build/my_package/install.log --single-version-externally-managed
[0.897s] running egg_info
[0.897s] creating ../build/my_package/my_package.egg-info
[0.897s] writing ../build/my_package/my_package.egg-info/PKG-INFO
[0.898s] writing dependency_links to ../build/my_package/my_package.egg-info/dependency_links.txt
[0.898s] writing entry points to ../build/my_package/my_package.egg-info/entry_points.txt
[0.898s] writing requirements to ../build/my_package/my_package.egg-info/requires.txt
[0.898s] writing top-level names to ../build/my_package/my_package.egg-info/top_level.txt
[0.898s] writing manifest file '../build/my_package/my_package.egg-info/SOURCES.txt'
[0.899s] reading manifest file '../build/my_package/my_package.egg-info/SOURCES.txt'
[0.900s] writing manifest file '../build/my_package/my_package.egg-info/SOURCES.txt'
[0.900s] running build
[0.900s] running build_py
[0.900s] creating /home/rique/p2/build/my_package/build
[0.901s] creating /home/rique/p2/build/my_package/build/lib
[0.901s] creating /home/rique/p2/build/my_package/build/lib/my_package
[0.901s] copying my_package/my_node.py -> /home/rique/p2/build/my_package/build/lib/my_package
[0.901s] copying my_package/__init__.py -> /home/rique/p2/build/my_package/build/lib/my_package
[0.901s] running install
[0.901s] running install_lib
[0.901s] /usr/lib/python3/dist-packages/setuptools/command/install.py:34: SetuptoolsDeprecationWarning: setup.py install is deprecated. Use build and pip and other standards-based tools.
[0.901s]   warnings.warn(
[0.902s] creating /home/rique/p2/install/my_package/lib/python3.10/site-packages/my_package
[0.902s] copying /home/rique/p2/build/my_package/build/lib/my_package/my_node.py -> /home/rique/p2/install/my_package/lib/python3.10/site-packages/my_package
[0.902s] copying /home/rique/p2/build/my_package/build/lib/my_package/__init__.py -> /home/rique/p2/install/my_package/lib/python3.10/site-packages/my_package
[0.902s] byte-compiling /home/rique/p2/install/my_package/lib/python3.10/site-packages/my_package/my_node.py to my_node.cpython-310.pyc
[0.902s] byte-compiling /home/rique/p2/install/my_package/lib/python3.10/site-packages/my_package/__init__.py to __init__.cpython-310.pyc
[0.902s] running install_data
[0.903s] creating /home/rique/p2/install/my_package/share/ament_index
[0.903s] creating /home/rique/p2/install/my_package/share/ament_index/resource_index
[0.903s] creating /home/rique/p2/install/my_package/share/ament_index/resource_index/packages
[0.903s] copying resource/my_package -> /home/rique/p2/install/my_package/share/ament_index/resource_index/packages
[0.903s] copying package.xml -> /home/rique/p2/install/my_package/share/my_package
[0.903s] running install_egg_info
[0.904s] Copying ../build/my_package/my_package.egg-info to /home/rique/p2/install/my_package/lib/python3.10/site-packages/my_package-0.0.0-py3.10.egg-info
[0.905s] running install_scripts
[0.924s] Installing my_node script to /home/rique/p2/install/my_package/lib/my_package
[0.924s] writing list of installed files to '/home/rique/p2/build/my_package/install.log'
[0.945s] Invoked command in '/home/rique/p2/my_package' returned '0': PYTHONPATH=/home/rique/p2/build/my_package/prefix_override:/home/rique/p2/install/my_package/lib/python3.10/site-packages:${PYTHONPATH} /usr/bin/python3 setup.py egg_info --egg-base ../build/my_package build --build-base /home/rique/p2/build/my_package/build install --record /home/rique/p2/build/my_package/install.log --single-version-externally-managed
