[0.705s] Invoking command in '/home/rique/p2/my_package': PYTHONPATH=/home/rique/p2/build/my_package/prefix_override:/home/rique/p2/install/my_package/lib/python3.10/site-packages:${PYTHONPATH} /usr/bin/python3 setup.py egg_info --egg-base ../build/my_package build --build-base /home/rique/p2/build/my_package/build install --record /home/rique/p2/build/my_package/install.log --single-version-externally-managed
[0.922s] running egg_info
[0.923s] writing ../build/my_package/my_package.egg-info/PKG-INFO
[0.923s] writing dependency_links to ../build/my_package/my_package.egg-info/dependency_links.txt
[0.923s] writing entry points to ../build/my_package/my_package.egg-info/entry_points.txt
[0.924s] writing requirements to ../build/my_package/my_package.egg-info/requires.txt
[0.924s] writing top-level names to ../build/my_package/my_package.egg-info/top_level.txt
[0.925s] reading manifest file '../build/my_package/my_package.egg-info/SOURCES.txt'
[0.925s] writing manifest file '../build/my_package/my_package.egg-info/SOURCES.txt'
[0.926s] running build
[0.926s] running build_py
[0.926s] running install
[0.926s] /usr/lib/python3/dist-packages/setuptools/command/install.py:34: SetuptoolsDeprecationWarning: setup.py install is deprecated. Use build and pip and other standards-based tools.
[0.926s]   warnings.warn(
[0.926s] running install_lib
[0.927s] running install_data
[0.928s] running install_egg_info
[0.929s] removing '/home/rique/p2/install/my_package/lib/python3.10/site-packages/my_package-0.0.0-py3.10.egg-info' (and everything under it)
[0.929s] Copying ../build/my_package/my_package.egg-info to /home/rique/p2/install/my_package/lib/python3.10/site-packages/my_package-0.0.0-py3.10.egg-info
[0.930s] running install_scripts
[0.948s] Installing my_node script to /home/rique/p2/install/my_package/lib/my_package
[0.948s] writing list of installed files to '/home/rique/p2/build/my_package/install.log'
[0.969s] Invoked command in '/home/rique/p2/my_package' returned '0': PYTHONPATH=/home/rique/p2/build/my_package/prefix_override:/home/rique/p2/install/my_package/lib/python3.10/site-packages:${PYTHONPATH} /usr/bin/python3 setup.py egg_info --egg-base ../build/my_package build --build-base /home/rique/p2/build/my_package/build install --record /home/rique/p2/build/my_package/install.log --single-version-externally-managed
