[0.714s] Invoking command in '/home/rique/p2/my_package': PYTHONPATH=/home/rique/p2/build/my_package/prefix_override:/home/rique/p2/install/my_package/lib/python3.10/site-packages:${PYTHONPATH} /usr/bin/python3 setup.py egg_info --egg-base ../build/my_package build --build-base /home/rique/p2/build/my_package/build install --record /home/rique/p2/build/my_package/install.log --single-version-externally-managed
[0.928s] running egg_info
[0.928s] writing ../build/my_package/my_package.egg-info/PKG-INFO
[0.928s] writing dependency_links to ../build/my_package/my_package.egg-info/dependency_links.txt
[0.929s] writing entry points to ../build/my_package/my_package.egg-info/entry_points.txt
[0.929s] writing requirements to ../build/my_package/my_package.egg-info/requires.txt
[0.929s] writing top-level names to ../build/my_package/my_package.egg-info/top_level.txt
[0.930s] reading manifest file '../build/my_package/my_package.egg-info/SOURCES.txt'
[0.931s] writing manifest file '../build/my_package/my_package.egg-info/SOURCES.txt'
[0.931s] running build
[0.931s] running build_py
[0.931s] running install
[0.931s] /usr/lib/python3/dist-packages/setuptools/command/install.py:34: SetuptoolsDeprecationWarning: setup.py install is deprecated. Use build and pip and other standards-based tools.
[0.931s]   warnings.warn(
[0.931s] running install_lib
[0.933s] running install_data
[0.933s] creating /home/rique/p2/install/my_package/share/my_package/launch
[0.933s] copying launch/launch.py -> /home/rique/p2/install/my_package/share/my_package/launch
[0.933s] running install_egg_info
[0.935s] removing '/home/rique/p2/install/my_package/lib/python3.10/site-packages/my_package-0.0.0-py3.10.egg-info' (and everything under it)
[0.935s] Copying ../build/my_package/my_package.egg-info to /home/rique/p2/install/my_package/lib/python3.10/site-packages/my_package-0.0.0-py3.10.egg-info
[0.936s] running install_scripts
[0.953s] Installing my_node script to /home/rique/p2/install/my_package/lib/my_package
[0.953s] writing list of installed files to '/home/rique/p2/build/my_package/install.log'
[0.972s] Invoked command in '/home/rique/p2/my_package' returned '0': PYTHONPATH=/home/rique/p2/build/my_package/prefix_override:/home/rique/p2/install/my_package/lib/python3.10/site-packages:${PYTHONPATH} /usr/bin/python3 setup.py egg_info --egg-base ../build/my_package build --build-base /home/rique/p2/build/my_package/build install --record /home/rique/p2/build/my_package/install.log --single-version-externally-managed
